[34m2023-03-14 13:44:37.425[0;39m        [[1;31mERROR[0;39m]    [http-nio-0.0.0.0-5005-exec-4]       com.chainmaker.jobservice.api.aspect.WebLogAspect:108    æœªçŸ¥å¼‚å¸¸ï¼åŸå› æ˜¯:
 java.lang.NoSuchMethodError: com.google.common.base.Preconditions.checkArgument(ZLjava/lang/String;CLjava/lang/Object;)V
	at io.grpc.Metadata$Key.validateName(Metadata.java:629)
	at io.grpc.Metadata$Key.<init>(Metadata.java:637)
	at io.grpc.Metadata$Key.<init>(Metadata.java:567)
	at io.grpc.Metadata$AsciiKey.<init>(Metadata.java:742)
	at io.grpc.Metadata$AsciiKey.<init>(Metadata.java:737)
[34m2023-03-14 15:07:12.978[0;39m        [[1;31mERROR[0;39m]    [http-nio-0.0.0.0-5005-exec-5]       com.chainmaker.jobservice.api.aspect.WebLogAspect:108    æœªçŸ¥å¼‚å¸¸ï¼åŸå› æ˜¯:
 java.lang.NoSuchMethodError: com.google.common.base.Preconditions.checkArgument(ZLjava/lang/String;CLjava/lang/Object;)V
	at io.grpc.Metadata$Key.validateName(Metadata.java:629)
	at io.grpc.Metadata$Key.<init>(Metadata.java:637)
	at io.grpc.Metadata$Key.<init>(Metadata.java:567)
	at io.grpc.Metadata$AsciiKey.<init>(Metadata.java:742)
	at io.grpc.Metadata$AsciiKey.<init>(Metadata.java:737)
[34m2023-03-14 15:20:50.714[0;39m        [[1;31mERROR[0;39m]    [http-nio-0.0.0.0-5005-exec-5]       com.chainmaker.jobservice.api.aspect.WebLogAspect:108    æœªçŸ¥å¼‚å¸¸ï¼åŸå› æ˜¯:
 java.lang.NoSuchMethodError: com.google.common.base.Preconditions.checkArgument(ZLjava/lang/String;CLjava/lang/Object;)V
	at io.grpc.Metadata$Key.validateName(Metadata.java:629)
	at io.grpc.Metadata$Key.<init>(Metadata.java:637)
	at io.grpc.Metadata$Key.<init>(Metadata.java:567)
	at io.grpc.Metadata$AsciiKey.<init>(Metadata.java:742)
	at io.grpc.Metadata$AsciiKey.<init>(Metadata.java:737)
[34m2023-03-14 15:23:28.982[0;39m        [[1;31mERROR[0;39m]    [http-nio-0.0.0.0-5005-exec-1]       com.chainmaker.jobservice.api.aspect.WebLogAspect:102    å‘ç”Ÿç©ºæŒ‡é’ˆå¼‚å¸¸ï¼åŸå› æ˜¯:
 java.lang.NullPointerException: null
	at com.chainmaker.jobservice.api.builder.JobBuilderWithOptimizer.parseFLLabel(JobBuilderWithOptimizer.java:301)
	at com.chainmaker.jobservice.api.builder.JobBuilderWithOptimizer.parseFederatedLearning(JobBuilderWithOptimizer.java:241)
	at com.chainmaker.jobservice.api.builder.JobBuilderWithOptimizer.generateFLTasks(JobBuilderWithOptimizer.java:120)
	at com.chainmaker.jobservice.api.builder.JobBuilderWithOptimizer.build(JobBuilderWithOptimizer.java:103)
	at com.chainmaker.jobservice.api.service.impl.JobParserServiceImpl.parserSql(JobParserServiceImpl.java:313)
[34m2023-03-14 15:25:29.166[0;39m        [[1;31mERROR[0;39m]    [http-nio-0.0.0.0-5005-exec-5]       com.chainmaker.jobservice.api.aspect.WebLogAspect:108    æœªçŸ¥å¼‚å¸¸ï¼åŸå› æ˜¯:
 java.lang.NoSuchMethodError: com.google.common.base.Preconditions.checkArgument(ZLjava/lang/String;CLjava/lang/Object;)V
	at io.grpc.Metadata$Key.validateName(Metadata.java:629)
	at io.grpc.Metadata$Key.<init>(Metadata.java:637)
	at io.grpc.Metadata$Key.<init>(Metadata.java:567)
	at io.grpc.Metadata$AsciiKey.<init>(Metadata.java:742)
	at io.grpc.Metadata$AsciiKey.<init>(Metadata.java:737)
[34m2023-03-14 15:27:52.481[0;39m        [[1;31mERROR[0;39m]    [http-nio-0.0.0.0-5005-exec-1]       com.chainmaker.jobservice.api.aspect.WebLogAspect:102    å‘ç”Ÿç©ºæŒ‡é’ˆå¼‚å¸¸ï¼åŸå› æ˜¯:
 java.lang.NullPointerException: null
	at com.chainmaker.jobservice.core.calcite.optimizer.metadata.MPCMetadata.getTableOrgDId(MPCMetadata.java:217)
	at com.chainmaker.jobservice.api.builder.JobBuilderWithOptimizer.parseFLLabel(JobBuilderWithOptimizer.java:291)
	at com.chainmaker.jobservice.api.builder.JobBuilderWithOptimizer.parseFederatedLearning(JobBuilderWithOptimizer.java:241)
	at com.chainmaker.jobservice.api.builder.JobBuilderWithOptimizer.generateFLTasks(JobBuilderWithOptimizer.java:120)
	at com.chainmaker.jobservice.api.builder.JobBuilderWithOptimizer.build(JobBuilderWithOptimizer.java:103)
[34m2023-03-14 15:30:06.506[0;39m        [[1;31mERROR[0;39m]    [http-nio-0.0.0.0-5005-exec-5]       com.chainmaker.jobservice.api.aspect.WebLogAspect:108    æœªçŸ¥å¼‚å¸¸ï¼åŸå› æ˜¯:
 java.lang.NoSuchMethodError: com.google.common.base.Preconditions.checkArgument(ZLjava/lang/String;CLjava/lang/Object;)V
	at io.grpc.Metadata$Key.validateName(Metadata.java:629)
	at io.grpc.Metadata$Key.<init>(Metadata.java:637)
	at io.grpc.Metadata$Key.<init>(Metadata.java:567)
	at io.grpc.Metadata$AsciiKey.<init>(Metadata.java:742)
	at io.grpc.Metadata$AsciiKey.<init>(Metadata.java:737)
[34m2023-03-14 15:38:02.109[0;39m        [[1;31mERROR[0;39m]    [http-nio-0.0.0.0-5005-exec-4]       com.chainmaker.jobservice.api.aspect.WebLogAspect:108    æœªçŸ¥å¼‚å¸¸ï¼åŸå› æ˜¯:
 java.lang.NoSuchMethodError: com.google.common.base.Preconditions.checkArgument(ZLjava/lang/String;CLjava/lang/Object;)V
	at io.grpc.Metadata$Key.validateName(Metadata.java:629)
	at io.grpc.Metadata$Key.<init>(Metadata.java:637)
	at io.grpc.Metadata$Key.<init>(Metadata.java:567)
	at io.grpc.Metadata$AsciiKey.<init>(Metadata.java:742)
	at io.grpc.Metadata$AsciiKey.<init>(Metadata.java:737)
[34m2023-03-14 15:39:06.451[0;39m        [[1;31mERROR[0;39m]    [http-nio-0.0.0.0-5005-exec-6]       com.chainmaker.jobservice.api.aspect.WebLogAspect:108    æœªçŸ¥å¼‚å¸¸ï¼åŸå› æ˜¯:
 java.lang.NoClassDefFoundError: Could not initialize class io.grpc.netty.NettyChannelBuilder
	at org.chainmaker.sdk.RpcServiceClient.initManagedChannel(RpcServiceClient.java:101)
	at org.chainmaker.sdk.RpcServiceClient.<init>(RpcServiceClient.java:83)
	at org.chainmaker.sdk.RpcServiceClient.newServiceClient(RpcServiceClient.java:91)
	at org.chainmaker.sdk.GrpcClientFactory.createRpcClient(GrpcClientFactory.java:125)
	at org.chainmaker.sdk.GrpcClientFactory.create(GrpcClientFactory.java:108)
[34m2023-03-14 15:39:38.572[0;39m        [[1;31mERROR[0;39m]    [http-nio-0.0.0.0-5005-exec-2]       com.chainmaker.jobservice.api.aspect.WebLogAspect:108    æœªçŸ¥å¼‚å¸¸ï¼åŸå› æ˜¯:
 java.lang.NoClassDefFoundError: Could not initialize class io.grpc.netty.NettyChannelBuilder
	at org.chainmaker.sdk.RpcServiceClient.initManagedChannel(RpcServiceClient.java:101)
	at org.chainmaker.sdk.RpcServiceClient.<init>(RpcServiceClient.java:83)
	at org.chainmaker.sdk.RpcServiceClient.newServiceClient(RpcServiceClient.java:91)
	at org.chainmaker.sdk.GrpcClientFactory.createRpcClient(GrpcClientFactory.java:125)
	at org.chainmaker.sdk.GrpcClientFactory.create(GrpcClientFactory.java:108)
[34m2023-03-14 17:16:24.007[0;39m        [[1;31mERROR[0;39m]    [http-nio-0.0.0.0-5005-exec-5]       com.chainmaker.jobservice.api.aspect.WebLogAspect:108    æœªçŸ¥å¼‚å¸¸ï¼åŸå› æ˜¯:
 java.lang.NoSuchMethodError: com.google.common.base.Preconditions.checkArgument(ZLjava/lang/String;CLjava/lang/Object;)V
	at io.grpc.Metadata$Key.validateName(Metadata.java:629)
	at io.grpc.Metadata$Key.<init>(Metadata.java:637)
	at io.grpc.Metadata$Key.<init>(Metadata.java:567)
	at io.grpc.Metadata$AsciiKey.<init>(Metadata.java:742)
	at io.grpc.Metadata$AsciiKey.<init>(Metadata.java:737)
[34m2023-03-14 17:26:15.389[0;39m        [[1;31mERROR[0;39m]    [http-nio-0.0.0.0-5005-exec-4]       com.chainmaker.jobservice.api.aspect.WebLogAspect:108    æœªçŸ¥å¼‚å¸¸ï¼åŸå› æ˜¯:
 java.lang.NoSuchMethodError: com.google.common.base.Preconditions.checkArgument(ZLjava/lang/String;CLjava/lang/Object;)V
	at io.grpc.Metadata$Key.validateName(Metadata.java:629)
	at io.grpc.Metadata$Key.<init>(Metadata.java:637)
	at io.grpc.Metadata$Key.<init>(Metadata.java:567)
	at io.grpc.Metadata$AsciiKey.<init>(Metadata.java:742)
	at io.grpc.Metadata$AsciiKey.<init>(Metadata.java:737)
[34m2023-03-14 17:28:24.272[0;39m        [[1;31mERROR[0;39m]    [http-nio-0.0.0.0-5005-exec-4]       com.chainmaker.jobservice.api.aspect.WebLogAspect:108    æœªçŸ¥å¼‚å¸¸ï¼åŸå› æ˜¯:
 java.lang.NoSuchMethodError: com.google.common.base.Preconditions.checkArgument(ZLjava/lang/String;CLjava/lang/Object;)V
	at io.grpc.Metadata$Key.validateName(Metadata.java:629)
	at io.grpc.Metadata$Key.<init>(Metadata.java:637)
	at io.grpc.Metadata$Key.<init>(Metadata.java:567)
	at io.grpc.Metadata$AsciiKey.<init>(Metadata.java:742)
	at io.grpc.Metadata$AsciiKey.<init>(Metadata.java:737)
